<?xml version="1.0" encoding="UTF-8"?>
<testsuite xmlns:xsi="http://www.w3.org/2001/XMLSchema-instance" xsi:noNamespaceSchemaLocation="https://maven.apache.org/surefire/maven-surefire-plugin/xsd/surefire-test-report-3.0.xsd" version="3.0" name="com.janeirodigital.sai.httputils.HttpUtilsTests" time="2.59" tests="31" errors="0" skipped="0" failures="0">
  <properties>
[...]
</properties>
  <testcase name="createHttpResource" classname="com.janeirodigital.sai.httputils.HttpUtilsTests" time="0.399"/>
  <testcase name="FailToGetResourceAndLog" classname="com.janeirodigital.sai.httputils.HttpUtilsTests" time="0.017"/>
  <testcase name="GetMissingHTTPResource" classname="com.janeirodigital.sai.httputils.HttpUtilsTests" time="0.009"/>
  <testcase name="convertUrlToBase" classname="com.janeirodigital.sai.httputils.HttpUtilsTests" time="0.007"/>
  <testcase name="updateRdfHttpResource" classname="com.janeirodigital.sai.httputils.HttpUtilsTests" time="1.154"/>
  <testcase name="failToGetRdfHttpResourceIO" classname="com.janeirodigital.sai.httputils.HttpUtilsTests" time="0.01"/>
  <testcase name="testAddChildToUrlPath" classname="com.janeirodigital.sai.httputils.HttpUtilsTests" time="0.003"/>
  <testcase name="FailToGetRequiredMissingHttpResource" classname="com.janeirodigital.sai.httputils.HttpUtilsTests" time="0.012"/>
  <testcase name="getRdfHttpResourceHeaders" classname="com.janeirodigital.sai.httputils.HttpUtilsTests" time="0.017"/>
  <testcase name="getHTTPResource" classname="com.janeirodigital.sai.httputils.HttpUtilsTests" time="0.006"/>
  <testcase name="deleteHttpResource" classname="com.janeirodigital.sai.httputils.HttpUtilsTests" time="0.006"/>
  <testcase name="failToConvertStringToUrl" classname="com.janeirodigital.sai.httputils.HttpUtilsTests" time="0.003"/>
  <testcase name="FailToGetHttpResourceNoContentType" classname="com.janeirodigital.sai.httputils.HttpUtilsTests" time="0.005"/>
  <testcase name="getRequiredHTTPResource" classname="com.janeirodigital.sai.httputils.HttpUtilsTests" time="0.006"/>
  <testcase name="updateHttpResource" classname="com.janeirodigital.sai.httputils.HttpUtilsTests" time="0.009"/>
  <testcase name="failToGetRdfHttpResourceNonRdfContentType" classname="com.janeirodigital.sai.httputils.HttpUtilsTests" time="0.006"/>
  <testcase name="createRdfContainerHttpResource" classname="com.janeirodigital.sai.httputils.HttpUtilsTests" time="0.016"/>
  <testcase name="failToConvertUrlToBase" classname="com.janeirodigital.sai.httputils.HttpUtilsTests" time="0.002"/>
  <testcase name="failToGetRdfHttpResourceBadContentType" classname="com.janeirodigital.sai.httputils.HttpUtilsTests" time="0.005"/>
  <testcase name="convertStringToUrl" classname="com.janeirodigital.sai.httputils.HttpUtilsTests" time="0.001"/>
  <testcase name="convertUrlToUri" classname="com.janeirodigital.sai.httputils.HttpUtilsTests" time="0.002"/>
  <testcase name="confirmManageLinkRelationHttpHeaders" classname="com.janeirodigital.sai.httputils.HttpUtilsTests" time="0.005"/>
  <testcase name="failToAddChildToUrlPath" classname="com.janeirodigital.sai.httputils.HttpUtilsTests" time="0.011"/>
  <testcase name="getRdfHttpResource" classname="com.janeirodigital.sai.httputils.HttpUtilsTests" time="0.011"/>
  <testcase name="failToConvertUriToUrl" classname="com.janeirodigital.sai.httputils.HttpUtilsTests" time="0.002"/>
  <testcase name="FailToDeleteHttpResourceIO" classname="com.janeirodigital.sai.httputils.HttpUtilsTests" time="0.01"/>
  <testcase name="FailToGetHttpResourceIO" classname="com.janeirodigital.sai.httputils.HttpUtilsTests" time="0.004"/>
  <testcase name="failToConvertUrlToUri" classname="com.janeirodigital.sai.httputils.HttpUtilsTests" time="0.002"/>
  <testcase name="failToUpdateHttpResourceIO" classname="com.janeirodigital.sai.httputils.HttpUtilsTests" time="0.005"/>
  <testcase name="confirmAddHttpHeader" classname="com.janeirodigital.sai.httputils.HttpUtilsTests" time="0.002"/>
  <testcase name="confirmSetHttpHeader" classname="com.janeirodigital.sai.httputils.HttpUtilsTests" time="0.002"/>
</testsuite>